<?xml version="1.0" encoding="UTF-8"?><catalog><book id="1"><title>Great Gatsby</title><author>F. Scott Fitzgerald</author><price currency="USD">12.99</price><category>Fiction</category><publication><year>1925</year><publisher>Scribner</publisher><country>USA</country></publication><description>A classic American novel set in the Jazz Age</description></book><book id="2"><title>To Kill a Mockingbird</title><author>Harper Lee</author><price currency="USD">14.99</price><category>Fiction</category><publication><year>1960</year><publisher>J. B. Lippincott &amp; Co.</publisher><country>USA</country></publication><description>A novel about the serious issues of rape and racial inequality</description></book></catalog>
